2025-02-07 9:32:04 - INFO  -->  [START] BOD Process... 
2025-02-07 9:33:35 - INFO  -->  [START] BOD Process... 
2025-02-07 9:33:35 - ERROR --> Invalid queryasd: You have an error in your SQL syntax; check the manual that corresponds to your MariaDB server version for the right syntax to use near '`bod_log`(`status_time`,`description`,`status_type`,sequence) values(now(),'E...' at line 1
Whole queryas: INSERT INTOs `bod_log`(`status_time`,`description`,`status_type`,sequence) values(now(),'Execute Classification','BOD_CMS','5') 
2025-02-07 9:33:35 - INFO  -->  
2025-02-07 9:35:12 - INFO  -->  [START] BOD Process... 
2025-02-07 9:35:12 - ERROR --> Invalid query: You have an error in your SQL syntax; check the manual that corresponds to your MariaDB server version for the right syntax to use near '`bod_log`(`status_time`,`description`,`status_type`,sequence) values(now(),'E...' at line 1
Whole queryas: INSERT INTOs `bod_log`(`status_time`,`description`,`status_type`,sequence) values(now(),'Execute Classification','BOD_CMS','5') 
2025-02-07 9:55:31 - INFO  -->  [START] BOD Process... 
2025-02-07 9:55:31 - ERROR --> Invalid query: You have an error in your SQL syntax; check the manual that corresponds to your MariaDB server version for the right syntax to use near '`bod_log`(`status_time`,`description`,`status_type`,sequence) values(now(),'E...' at line 1
Whole query: INSERT INTOs `bod_log`(`status_time`,`description`,`status_type`,sequence) values(now(),'Execute Classification','BOD_CMS','5') 
2025-02-07 9:55:47 - INFO  -->  [START] BOD Process... 
2025-02-07 9:56:56 - INFO  -->  [START] BOD Process... 
2025-02-07 9:57:51 - INFO  -->  [START] BOD Process... 
2025-02-07 13:28:40 - INFO  -->  [START] BOD Process... 
2025-02-07 13:28:40 - ERROR --> Invalid query: 
Whole query:  SELECT  
                    'CardNo','EMployeeID','UserID','EmployeeName','Cycle','DueDate','Aging','AccountNumber','AmountOS','MinimumPayment','LastPaymentDate','LastPaymentAmount','Region','ProductCode','StatusCode','DPD','AgencyStatusID','MDO','BusinessRuleID','BusinessRuleName','LastAllocationDate','InstallmentCardpro','CurrentBalance','AssignmentStartDate','AssignmentEndDate','CampaignId','TotalOS','AgeingObligor' 
                    UNION ALL 
                    SELECT CM_CARD_NMBR, AGENT_ID,c.nik,c.name,CM_CYCLE,CM_DTE_PYMT_DUE,CM_BUCKET,fin_account,CURRMTH_BAL_X ,BILL_BAL,CM_DTE_LST_PYMT,CM_LST_PYMT_AMNT,CM_KANWIL_CODE,CM_TYPE,CM_BLOCK_CODE,DPD,CF_AGENCY_STATUS_ID,CF_COUNT_MDO,CLASS,classification_name,class_time,OPS_DEF_BAL, CM_AMOUNT_DUE,assignment_start_date,assignment_end_date,CF_CAMPAIGN_ID,CF_TOTAL_OS,CF_BUCKET_OBLIGOR
                    INTO OUTFILE '/data/data_unsecured_collection/class_result/CMS_PRE_485.csv'
                    FIELDS TERMINATED BY '|' LINES TERMINATED BY '
'
                    FROM tmp_customer a left join cms_classification b on (a.CLASS = b.classification_id)
                    left join cc_user c on(a.AGENT_ID=c.id) 
2025-02-07 13:31:23 - INFO  -->  [START] BOD Process... 
2025-02-07 13:31:23 - ERROR --> Invalid query: 
Whole query:  SELECT  
                    'CardNo','EMployeeID','UserID','EmployeeName','Cycle','DueDate','Aging','AccountNumber','AmountOS','MinimumPayment','LastPaymentDate','LastPaymentAmount','Region','ProductCode','StatusCode','DPD','AgencyStatusID','MDO','BusinessRuleID','BusinessRuleName','LastAllocationDate','InstallmentCardpro','CurrentBalance','AssignmentStartDate','AssignmentEndDate','CampaignId','TotalOS','AgeingObligor' 
                    UNION ALL 
                    SELECT CM_CARD_NMBR, AGENT_ID,c.nik,c.name,CM_CYCLE,CM_DTE_PYMT_DUE,CM_BUCKET,fin_account,CURRMTH_BAL_X ,BILL_BAL,CM_DTE_LST_PYMT,CM_LST_PYMT_AMNT,CM_KANWIL_CODE,CM_TYPE,CM_BLOCK_CODE,DPD,CF_AGENCY_STATUS_ID,CF_COUNT_MDO,CLASS,classification_name,class_time,OPS_DEF_BAL, CM_AMOUNT_DUE,assignment_start_date,assignment_end_date,CF_CAMPAIGN_ID,CF_TOTAL_OS,CF_BUCKET_OBLIGOR
                    INTO OUTFILE '/data/data_unsecured_collection/class_result/CMS_PRE_485.csv'
                    FIELDS TERMINATED BY '|' LINES TERMINATED BY '
'
                    FROM tmp_customer a left join cms_classification b on (a.CLASS = b.classification_id)
                    left join cc_user c on(a.AGENT_ID=c.id) 
2025-02-07 13:34:37 - INFO  -->  [START] BOD Process... 
2025-02-07 13:34:37 - ERROR --> Invalid query: Table 'cms_collection_v1_3.tmp_customer_mobcoll_apply' doesn't exist
Whole query: update tmp_customer_mobcoll_apply set CLASS_TMP='485',  class_time='2025-02-07 13:34:37' where  AGENT_ID = 'A'
 
2025-02-07 13:50:40 - INFO  -->  [START] BOD Process... 
2025-02-07 13:50:40 - ERROR --> Invalid query: You have an error in your SQL syntax; check the manual that corresponds to your MariaDB server version for the right syntax to use near 'sql, count, created_by, created_time) VALUES ('Set Class', '485', 'update tmp...' at line 1
Whole query: INSERT INTO tmp_history_br (action, br_name, sql, count, created_by, created_time) VALUES ('Set Class', '485', 'update tmp_customer set CLASS_TMP='485',  class_time='2025-02-07 13:50:40' where  AGENT_ID = 'A'
', '', 'system', now()) 
2025-02-07 13:54:10 - INFO  -->  [START] BOD Process... 
2025-02-07 13:54:10 - ERROR --> Invalid query: You have an error in your SQL syntax; check the manual that corresponds to your MariaDB server version for the right syntax to use near 'sql, count, created_by, created_time) VALUES ('Set Class', '485', 'update tmp...' at line 1
Whole query: INSERT INTO tmp_history_br (action, br_name, sql, count, created_by, created_time) VALUES ('Set Class', '485', 'update tmp_customer set CLASS_TMP='485',  class_time='2025-02-07 13:54:10' where  AGENT_ID = 'A'
', '', 'system', now()) 
2025-02-07 13:55:25 - INFO  -->  [START] BOD Process... 
2025-02-07 13:55:25 - ERROR --> Invalid query: You have an error in your SQL syntax; check the manual that corresponds to your MariaDB server version for the right syntax to use near 'sql, count, created_by, created_time) VALUES ('Set Class', '485', 'update tmp...' at line 1
Whole query: INSERT INTO tmp_history_br (action, br_name, sql, count, created_by, created_time) VALUES ('Set Class', '485', 'update tmp_customer set CLASS_TMP='485',  class_time='2025-02-07 13:55:25' where  AGENT_ID = 'A'
', '0', 'system', now()) 
2025-02-07 14:06:20 - INFO  -->  [START] BOD Process... 
2025-02-07 14:06:20 - ERROR --> Invalid query: You have an error in your SQL syntax; check the manual that corresponds to your MariaDB server version for the right syntax to use near 'sql, count, created_by, created_time) VALUES ('Set Class', '485', ?, '0', 'sy...' at line 1
Whole query: INSERT INTO tmp_history_br (action, br_name, sql, count, created_by, created_time) VALUES ('Set Class', '485', ?, '0', 'system', now()) 
2025-02-07 14:08:32 - INFO  -->  [START] BOD Process... 
2025-02-07 14:08:32 - ERROR --> Invalid query: You have an error in your SQL syntax; check the manual that corresponds to your MariaDB server version for the right syntax to use near 'sql, count, created_by, created_time) VALUES ('Set Class', '485', ?, '0', 'sy...' at line 1
Whole query: INSERT INTO tmp_history_br (action, br_name, sql, count, created_by, created_time) VALUES ('Set Class', '485', ?, '0', 'system', now()) 
2025-02-07 14:10:25 - INFO  -->  [START] BOD Process... 
2025-02-07 14:10:25 - ERROR --> Invalid query: You have an error in your SQL syntax; check the manual that corresponds to your MariaDB server version for the right syntax to use near 'sql, count, created_by, created_time) VALUES ('Set Class', '485', '', '0', 's...' at line 1
Whole query: INSERT INTO tmp_history_br (action, br_name, sql, count, created_by, created_time) VALUES ('Set Class', '485', '', '0', 'system', now()) 
2025-02-07 14:11:01 - INFO  -->  [START] BOD Process... 
2025-02-07 14:11:03 - INFO  --> Affected Rows : 0 
2025-02-07 14:11:03 - ERROR --> Invalid query: You have an error in your SQL syntax; check the manual that corresponds to your MariaDB server version for the right syntax to use near 'sql, count, created_by, created_time) VALUES ('Set Class', '485', '', '0', 's...' at line 1
Whole query: INSERT INTO tmp_history_br (action, br_name, sql, count, created_by, created_time) VALUES ('Set Class', '485', '', '0', 'system', now()) 
2025-02-07 14:15:15 - INFO  -->  [START] BOD Process... 
2025-02-07 14:15:15 - INFO  --> Affected Rows : 0 
2025-02-07 14:15:15 - ERROR --> Invalid query: You have an error in your SQL syntax; check the manual that corresponds to your MariaDB server version for the right syntax to use near '485',  class_time='2025-02-07 14:15:15' where  AGENT_ID = 'A'
', '0', 'syste...' at line 1
Whole query: INSERT INTO tmp_history_br (action, br_name, `sql`, `count`, created_by, created_time) VALUES ('Set Class', '485', 'update tmp_customer set CLASS_TMP='485',  class_time='2025-02-07 14:15:15' where  AGENT_ID = 'A'
', '0', 'system', now()) 
2025-02-07 14:15:50 - INFO  -->  [START] BOD Process... 
2025-02-07 14:15:50 - INFO  --> Affected Rows : 0 
2025-02-07 14:15:50 - ERROR --> Invalid query: 
Whole query: INSERT INTO tmp_history_br (action, br_name, `sql`, `count`, created_by, created_time) VALUES ('Set Class', '485', '', '0', 'system', now()) 
2025-02-07 14:16:50 - INFO  -->  [START] BOD Process... 
2025-02-07 14:16:50 - INFO  --> Affected Rows : 0 
2025-02-07 14:16:50 - ERROR --> Invalid query: 
Whole query: INSERT INTO tmp_history_br (`action`, br_name, `sql`, `count`, created_by, created_time) VALUES ('Set Class', '485', '', '0', 'system', now()) 
2025-02-07 14:17:16 - INFO  -->  [START] BOD Process... 
2025-02-07 14:17:17 - INFO  --> Affected Rows : 0 
2025-02-07 14:17:17 - ERROR --> Invalid query: 
Whole query: INSERT INTO tmp_history_br (`action`, `br_name`, `sql`, `count`, `created_by`, `created_time`) VALUES ('Set Class', '485', '', '0', 'system', now()) 
2025-02-07 14:20:00 - INFO  -->  [START] BOD Process... 
2025-02-07 14:20:01 - INFO  --> Affected Rows : 0 
2025-02-07 14:20:01 - ERROR --> Invalid query: 
Whole query: INSERT INTO tmp_history_br (`action`, `br_name`, `sql`, `count`, `created_by`, `created_time`) VALUES ('Set Class', '485', '', '0', 'system', now()) 
2025-02-07 14:23:38 - INFO  -->  [START] BOD Process... 
2025-02-07 14:23:38 - INFO  --> Affected Rows : 0 
2025-02-07 14:23:38 - ERROR --> Invalid query: 
Whole query: INSERT INTO tmp_history_br (`action`, `br_name`, `sql`, `count`, `created_by`, `created_time`) VALUES ('Set Class', '485', '', '0', 'system', now()) 
2025-02-07 14:25:26 - INFO  -->  [START] BOD Process... 
2025-02-07 14:25:27 - INFO  --> Affected Rows : 0 
2025-02-07 14:25:27 - ERROR -->  
2025-02-07 14:25:27 - ERROR --> Invalid query: 
Whole query: INSERT INTO tmp_history_br (`action`, `br_name`, `sql`, `count`, `created_by`, `created_time`) VALUES ('Set Class', '485', '', '0', 'system', now()) 
2025-02-07 14:25:41 - INFO  -->  [START] BOD Process... 
2025-02-07 14:25:41 - INFO  --> Affected Rows : 0 
2025-02-07 14:25:41 - ERROR -->  
2025-02-07 14:26:12 - INFO  -->  [START] BOD Process... 
2025-02-07 14:26:12 - INFO  --> Affected Rows : 0 
2025-02-07 14:26:12 - ERROR -->  
2025-02-07 14:26:12 - INFO  --> INSERT INTO tmp_history_br (`action`, `br_name`, `sql`, `count`, `created_by`, `created_time`) VALUES ('Set Class', '485', '', '0', 'system', now()) 
2025-02-07 14:26:51 - INFO  -->  [START] BOD Process... 
2025-02-07 14:26:51 - INFO  --> Affected Rows : 0 
2025-02-07 14:26:51 - ERROR --> Invalid query: 
Whole query: INSERT INTO tmp_history_br (`action`, `br_name`, `sql`, `count`, `created_by`, `created_time`) VALUES ('Set Class', '485', '', '0', 'system', now()) 
2025-02-07 14:27:15 - INFO  -->  [START] BOD Process... 
2025-02-07 14:27:15 - INFO  --> Affected Rows : 0 
2025-02-07 14:27:15 - ERROR --> Invalid query: 
Whole query: INSERT INTO tmp_history_br (`action`, `br_name`, `sql`, `count`, `created_by`, `created_time`) VALUES ('Set Class', '485', '', '0', 'system', now()) 
2025-02-07 14:27:30 - INFO  -->  [START] BOD Process... 
2025-02-07 14:27:30 - INFO  --> Affected Rows : 0 
2025-02-07 14:27:30 - ERROR --> Invalid query: 
Whole query: update tmp_customer set CLASS_TMP='485',  class_time='2025-02-07 14:27:30' where  AGENT_ID = 'A'
 
2025-02-07 14:27:46 - INFO  -->  [START] BOD Process... 
2025-02-07 14:27:46 - INFO  --> Affected Rows : 0 
2025-02-07 14:27:46 - ERROR --> Invalid query: 
Whole query: update tmp_customer set CLASS_TMP='485',  class_time='2025-02-07 14:27:46' where  AGENT_ID = 'A'
 
2025-02-07 15:29:48 - INFO  -->  [START] BOD Process... 
2025-02-07 15:29:49 - INFO  --> Affected Rows : 0 
2025-02-07 15:29:49 - ERROR --> Invalid query: 
Whole query: update tmp_customer set CLASS_TMP='485',  class_time='2025-02-07 15:29:49' where  AGENT_ID = 'A'
 
2025-02-07 15:36:18 - INFO  -->  [START] BOD Process... 
2025-02-07 15:36:18 - INFO  --> Affected Rows : 0 
2025-02-07 15:36:18 - ERROR --> Invalid query: 
Whole query: INSERT INTO tmp_history_br (`action`, `br_name`, `sql`, `count`, `created_by`, `created_time`) VALUES ('Set Class', '485', '', '0', 'system', now()) 
2025-02-07 15:37:08 - INFO  -->  [START] BOD Process... 
2025-02-07 15:37:08 - ERROR -->  
2025-02-07 15:37:08 - INFO  --> update tmp_customer set CLASS_TMP='485',  class_time='2025-02-07 15:37:08' where  AGENT_ID = 'A'
 
2025-02-07 15:37:08 - INFO  --> Affected Rows : 0 
2025-02-07 15:37:08 - ERROR --> Invalid query: 
Whole query: INSERT INTO tmp_history_br (`action`, `br_name`, `sql`, `count`, `created_by`, `created_time`) VALUES ('Set Class', '485', '', '0', 'system', now()) 
2025-02-07 15:39:07 - INFO  -->  [START] BOD Process... 
2025-02-07 15:39:08 - INFO  --> APPLYNG RULE TEMPORER 
2025-02-07 15:39:08 - ERROR -->  
2025-02-07 15:39:08 - INFO  --> update tmp_customer set CLASS_TMP='485',  class_time='2025-02-07 15:39:08' where  AGENT_ID = 'A'
 
2025-02-07 15:39:08 - INFO  --> Affected Rows : 0 
2025-02-07 15:39:08 - ERROR --> Invalid query: 
Whole query: INSERT INTO tmp_history_br (`action`, `br_name`, `sql`, `count`, `created_by`, `created_time`) VALUES ('Set Class', '485', '', '0', 'system', now()) 
2025-02-07 15:41:04 - INFO  -->  [START] BOD Process... 
2025-02-07 15:41:04 - INFO  --> APPLYNG RULE TEMPORER 
2025-02-07 15:41:04 - ERROR -->  
2025-02-07 15:41:04 - INFO  --> update tmp_customer set CLASS_TMP='485',  class_time='2025-02-07 15:41:04' where  AGENT_ID = 'A'
 
2025-02-07 15:41:04 - INFO  --> Affected Rows : 0 
2025-02-07 15:41:04 - ERROR --> Invalid query: 
Whole query: INSERT INTO tmp_history_br (`action`, `br_name`, `sql`, `count`, `created_by`, `created_time`) VALUES ('Set Class', '485', '', '0', 'system', now()) 
2025-02-07 15:41:49 - INFO  -->  [START] BOD Process... 
2025-02-07 15:41:49 - INFO  --> APPLYNG RULE TEMPORER 
2025-02-07 15:41:49 - ERROR -->  
2025-02-07 15:41:49 - INFO  --> update tmp_customer set CLASS_TMP='485',  class_time='2025-02-07 15:41:49' where  AGENT_ID = 'A'
 
2025-02-07 15:41:49 - INFO  --> Affected Rows : 0 
2025-02-07 15:41:49 - ERROR --> Invalid query: 
Whole query: INSERT INTO tmp_history_br (`action`, `br_name`, `sql`, `count`, `created_by`, `created_time`) VALUES ('Set Class', '485', '', '0', 'system', now()) 
2025-02-07 15:41:49 - ERROR --> Error: Using $this when not in object context in C:\xampp\htdocs\kantor\cms_ci4_v1_2\job\bod_process.php:1331
Stack trace:
#0 C:\xampp\htdocs\kantor\cms_ci4_v1_2\job\bod_process.php(496): doBR_by_account(Array, 0)
#1 C:\xampp\htdocs\kantor\cms_ci4_v1_2\job\bod_process.php(1387): set_classification_by_account()
#2 {main} 
2025-02-07 15:43:00 - INFO  -->  [START] BOD Process... 
2025-02-07 15:43:00 - INFO  --> Affected Rows : 0 
2025-02-07 15:43:00 - ERROR --> Invalid query: 
Whole query: INSERT INTO tmp_history_br (`action`, `br_name`, `sql`, `count`, `created_by`, `created_time`) VALUES ('Set Class', '485', '', '0', 'system', now()) 
2025-02-07 15:43:00 - ERROR --> Error: Using $this when not in object context in C:\xampp\htdocs\kantor\cms_ci4_v1_2\job\bod_process.php:1323
Stack trace:
#0 C:\xampp\htdocs\kantor\cms_ci4_v1_2\job\bod_process.php(496): doBR_by_account(Array, 0)
#1 C:\xampp\htdocs\kantor\cms_ci4_v1_2\job\bod_process.php(1379): set_classification_by_account()
#2 {main} 
2025-02-07 15:45:03 - INFO  -->  [START] BOD Process... 
2025-02-07 15:45:03 - INFO  --> Affected Rows : 0 
2025-02-07 15:45:03 - ERROR --> Invalid query: You have an error in your SQL syntax; check the manual that corresponds to your MariaDB server version for the right syntax to use near 'group by value' at line 1
Whole query: INSERT INTO tmp_history_br (`action`, `br_name`, `sql`, `count`, `created_by`, `created_time`) VALUES ('Set Class', '485', '', '0', 'system', now()) 
2025-02-07 15:45:03 - ERROR --> mysqli_sql_exception: You have an error in your SQL syntax; check the manual that corresponds to your MariaDB server version for the right syntax to use near 'group by value' at line 1 in C:\xampp\htdocs\kantor\cms_ci4_v1_2\job\bod_process.php:1324
Stack trace:
#0 C:\xampp\htdocs\kantor\cms_ci4_v1_2\job\bod_process.php(1324): mysqli->query('select field_na...')
#1 C:\xampp\htdocs\kantor\cms_ci4_v1_2\job\bod_process.php(496): doBR_by_account(Array, 0)
#2 C:\xampp\htdocs\kantor\cms_ci4_v1_2\job\bod_process.php(1379): set_classification_by_account()
#3 {main} 
2025-02-07 15:45:29 - INFO  -->  [START] BOD Process... 
2025-02-07 15:45:29 - INFO  --> Affected Rows : 0 
2025-02-07 15:45:29 - ERROR --> Invalid query: You have an error in your SQL syntax; check the manual that corresponds to your MariaDB server version for the right syntax to use near 'group by field_name' at line 1
Whole query: INSERT INTO tmp_history_br (`action`, `br_name`, `sql`, `count`, `created_by`, `created_time`) VALUES ('Set Class', '485', '', '0', 'system', now()) 
2025-02-07 15:45:29 - ERROR --> mysqli_sql_exception: You have an error in your SQL syntax; check the manual that corresponds to your MariaDB server version for the right syntax to use near 'group by field_name' at line 1 in C:\xampp\htdocs\kantor\cms_ci4_v1_2\job\bod_process.php:1324
Stack trace:
#0 C:\xampp\htdocs\kantor\cms_ci4_v1_2\job\bod_process.php(1324): mysqli->query('select field_na...')
#1 C:\xampp\htdocs\kantor\cms_ci4_v1_2\job\bod_process.php(496): doBR_by_account(Array, 0)
#2 C:\xampp\htdocs\kantor\cms_ci4_v1_2\job\bod_process.php(1379): set_classification_by_account()
#3 {main} 
2025-02-07 15:47:37 - INFO  -->  [START] BOD Process... 
2025-02-07 15:47:37 - INFO  --> Affected Rows : 0 
2025-02-07 15:47:37 - ERROR --> Invalid query: You have an error in your SQL syntax; check the manual that corresponds to your MariaDB server version for the right syntax to use near 'group by value' at line 1
Whole query:  drop table if exists tmp_customer_485_post 
2025-02-07 15:49:01 - INFO  -->  [START] BOD Process... 
2025-02-07 15:49:01 - ERROR --> Invalid query: You have an error in your SQL syntax; check the manual that corresponds to your MariaDB server version for the right syntax to use near 'group by value' at line 1
Whole query:  drop table if exists tmp_customer_485_post 
2025-02-07 15:49:46 - INFO  -->  [START] BOD Process... 
2025-02-07 15:49:46 - ERROR --> Invalid query: You have an error in your SQL syntax; check the manual that corresponds to your MariaDB server version for the right syntax to use near 'group by value' at line 1
Whole query:  drop table if exists tmp_customer_485_post 
2025-02-07 15:49:46 - ERROR --> mysqli_sql_exception: You have an error in your SQL syntax; check the manual that corresponds to your MariaDB server version for the right syntax to use near 'group by value' at line 1 in C:\xampp\htdocs\kantor\cms_ci4_v1_2\job\bod_process.php:514
Stack trace:
#0 C:\xampp\htdocs\kantor\cms_ci4_v1_2\job\bod_process.php(514): mysqli->query('select field_na...')
#1 C:\xampp\htdocs\kantor\cms_ci4_v1_2\job\bod_process.php(1379): set_classification_by_account()
#2 {main} 
2025-02-07 15:50:06 - INFO  -->  [START] BOD Process... 
